<?xml version="1.0" encoding="UTF-8"?>
<!-- Generated by org.testng.reporters.JUnitReportReporter -->
<testsuite hostname="DESKTOP-3A2N0I2" failures="0" tests="1" name="practice.Tests_GET" time="2.867" errors="0" timestamp="2024-04-21T18:00:41 EEST" skipped="0">
  <testcase classname="practice.Tests_GET" name="test_3" time="2.867"/>
  <system-out/>
</testsuite> <!-- practice.Tests_GET -->
